/home/rocotics/ros2_ws/src/bug2_navigation/install/bug2_navigation/lib/python3.8/site-packages/bug2_navigation/wall_follower.py
/home/rocotics/ros2_ws/src/bug2_navigation/install/bug2_navigation/lib/python3.8/site-packages/bug2_navigation/map.py
/home/rocotics/ros2_ws/src/bug2_navigation/install/bug2_navigation/lib/python3.8/site-packages/bug2_navigation/go_to_point.py
/home/rocotics/ros2_ws/src/bug2_navigation/install/bug2_navigation/lib/python3.8/site-packages/bug2_navigation/bug2_controller.py
/home/rocotics/ros2_ws/src/bug2_navigation/install/bug2_navigation/lib/python3.8/site-packages/bug2_navigation/robot_controller.py
/home/rocotics/ros2_ws/src/bug2_navigation/install/bug2_navigation/lib/python3.8/site-packages/bug2_navigation/__init__.py
/home/rocotics/ros2_ws/src/bug2_navigation/install/bug2_navigation/lib/python3.8/site-packages/bug2_navigation/9point.py
/home/rocotics/ros2_ws/src/bug2_navigation/install/bug2_navigation/lib/python3.8/site-packages/bug2_navigation/__pycache__/wall_follower.cpython-38.pyc
/home/rocotics/ros2_ws/src/bug2_navigation/install/bug2_navigation/lib/python3.8/site-packages/bug2_navigation/__pycache__/map.cpython-38.pyc
/home/rocotics/ros2_ws/src/bug2_navigation/install/bug2_navigation/lib/python3.8/site-packages/bug2_navigation/__pycache__/go_to_point.cpython-38.pyc
/home/rocotics/ros2_ws/src/bug2_navigation/install/bug2_navigation/lib/python3.8/site-packages/bug2_navigation/__pycache__/bug2_controller.cpython-38.pyc
/home/rocotics/ros2_ws/src/bug2_navigation/install/bug2_navigation/lib/python3.8/site-packages/bug2_navigation/__pycache__/robot_controller.cpython-38.pyc
/home/rocotics/ros2_ws/src/bug2_navigation/install/bug2_navigation/lib/python3.8/site-packages/bug2_navigation/__pycache__/__init__.cpython-38.pyc
/home/rocotics/ros2_ws/src/bug2_navigation/install/bug2_navigation/lib/python3.8/site-packages/bug2_navigation/__pycache__/9point.cpython-38.pyc
/home/rocotics/ros2_ws/src/bug2_navigation/install/bug2_navigation/share/ament_index/resource_index/packages/bug2_navigation
/home/rocotics/ros2_ws/src/bug2_navigation/install/bug2_navigation/share/bug2_navigation/package.xml
/home/rocotics/ros2_ws/src/bug2_navigation/install/bug2_navigation/share/bug2_navigation/launch/spawn_robot.launch.py
/home/rocotics/ros2_ws/src/bug2_navigation/install/bug2_navigation/share/bug2_navigation/launch/spawn_robot_maze.launch.py
/home/rocotics/ros2_ws/src/bug2_navigation/install/bug2_navigation/share/bug2_navigation/launch/controller.launch.py
/home/rocotics/ros2_ws/src/bug2_navigation/install/bug2_navigation/share/bug2_navigation/worlds/maze_nofloor.world
/home/rocotics/ros2_ws/src/bug2_navigation/install/bug2_navigation/share/bug2_navigation/worlds/bug_2_exercise.world
/home/rocotics/ros2_ws/src/bug2_navigation/install/bug2_navigation/share/bug2_navigation/worlds/maze.world
/home/rocotics/ros2_ws/src/bug2_navigation/install/bug2_navigation/share/bug2_navigation/rviz
/home/rocotics/ros2_ws/src/bug2_navigation/install/bug2_navigation/lib/python3.8/site-packages/bug2_navigation-0.0.0-py3.8.egg-info/entry_points.txt
/home/rocotics/ros2_ws/src/bug2_navigation/install/bug2_navigation/lib/python3.8/site-packages/bug2_navigation-0.0.0-py3.8.egg-info/zip-safe
/home/rocotics/ros2_ws/src/bug2_navigation/install/bug2_navigation/lib/python3.8/site-packages/bug2_navigation-0.0.0-py3.8.egg-info/dependency_links.txt
/home/rocotics/ros2_ws/src/bug2_navigation/install/bug2_navigation/lib/python3.8/site-packages/bug2_navigation-0.0.0-py3.8.egg-info/SOURCES.txt
/home/rocotics/ros2_ws/src/bug2_navigation/install/bug2_navigation/lib/python3.8/site-packages/bug2_navigation-0.0.0-py3.8.egg-info/PKG-INFO
/home/rocotics/ros2_ws/src/bug2_navigation/install/bug2_navigation/lib/python3.8/site-packages/bug2_navigation-0.0.0-py3.8.egg-info/top_level.txt
/home/rocotics/ros2_ws/src/bug2_navigation/install/bug2_navigation/lib/python3.8/site-packages/bug2_navigation-0.0.0-py3.8.egg-info/requires.txt
/home/rocotics/ros2_ws/src/bug2_navigation/install/bug2_navigation/lib/bug2_navigation/9Point
/home/rocotics/ros2_ws/src/bug2_navigation/install/bug2_navigation/lib/bug2_navigation/MapTest
/home/rocotics/ros2_ws/src/bug2_navigation/install/bug2_navigation/lib/bug2_navigation/bug2_controller
/home/rocotics/ros2_ws/src/bug2_navigation/install/bug2_navigation/lib/bug2_navigation/cTest
/home/rocotics/ros2_ws/src/bug2_navigation/install/bug2_navigation/lib/bug2_navigation/con_test
/home/rocotics/ros2_ws/src/bug2_navigation/install/bug2_navigation/lib/bug2_navigation/goTest
/home/rocotics/ros2_ws/src/bug2_navigation/install/bug2_navigation/lib/bug2_navigation/go_to_point
/home/rocotics/ros2_ws/src/bug2_navigation/install/bug2_navigation/lib/bug2_navigation/robot_controller
/home/rocotics/ros2_ws/src/bug2_navigation/install/bug2_navigation/lib/bug2_navigation/test
/home/rocotics/ros2_ws/src/bug2_navigation/install/bug2_navigation/lib/bug2_navigation/wall_follower
