running egg_info
creating build/bug2_navigation/bug2_navigation.egg-info
writing build/bug2_navigation/bug2_navigation.egg-info/PKG-INFO
writing dependency_links to build/bug2_navigation/bug2_navigation.egg-info/dependency_links.txt
writing entry points to build/bug2_navigation/bug2_navigation.egg-info/entry_points.txt
writing requirements to build/bug2_navigation/bug2_navigation.egg-info/requires.txt
writing top-level names to build/bug2_navigation/bug2_navigation.egg-info/top_level.txt
writing manifest file 'build/bug2_navigation/bug2_navigation.egg-info/SOURCES.txt'
reading manifest file 'build/bug2_navigation/bug2_navigation.egg-info/SOURCES.txt'
writing manifest file 'build/bug2_navigation/bug2_navigation.egg-info/SOURCES.txt'
running build
running build_py
creating /home/rocotics/ros2_ws/src/bug2_navigation/build/bug2_navigation/build
creating /home/rocotics/ros2_ws/src/bug2_navigation/build/bug2_navigation/build/lib
creating /home/rocotics/ros2_ws/src/bug2_navigation/build/bug2_navigation/build/lib/bug2_navigation
copying bug2_navigation/wall_follower.py -> /home/rocotics/ros2_ws/src/bug2_navigation/build/bug2_navigation/build/lib/bug2_navigation
copying bug2_navigation/map.py -> /home/rocotics/ros2_ws/src/bug2_navigation/build/bug2_navigation/build/lib/bug2_navigation
copying bug2_navigation/go_to_point.py -> /home/rocotics/ros2_ws/src/bug2_navigation/build/bug2_navigation/build/lib/bug2_navigation
copying bug2_navigation/bug2_controller.py -> /home/rocotics/ros2_ws/src/bug2_navigation/build/bug2_navigation/build/lib/bug2_navigation
copying bug2_navigation/robot_controller.py -> /home/rocotics/ros2_ws/src/bug2_navigation/build/bug2_navigation/build/lib/bug2_navigation
copying bug2_navigation/__init__.py -> /home/rocotics/ros2_ws/src/bug2_navigation/build/bug2_navigation/build/lib/bug2_navigation
copying bug2_navigation/9point.py -> /home/rocotics/ros2_ws/src/bug2_navigation/build/bug2_navigation/build/lib/bug2_navigation
running install
running install_lib
creating /home/rocotics/ros2_ws/src/bug2_navigation/install/bug2_navigation/lib/python3.8/site-packages/bug2_navigation
copying /home/rocotics/ros2_ws/src/bug2_navigation/build/bug2_navigation/build/lib/bug2_navigation/wall_follower.py -> /home/rocotics/ros2_ws/src/bug2_navigation/install/bug2_navigation/lib/python3.8/site-packages/bug2_navigation
copying /home/rocotics/ros2_ws/src/bug2_navigation/build/bug2_navigation/build/lib/bug2_navigation/map.py -> /home/rocotics/ros2_ws/src/bug2_navigation/install/bug2_navigation/lib/python3.8/site-packages/bug2_navigation
copying /home/rocotics/ros2_ws/src/bug2_navigation/build/bug2_navigation/build/lib/bug2_navigation/go_to_point.py -> /home/rocotics/ros2_ws/src/bug2_navigation/install/bug2_navigation/lib/python3.8/site-packages/bug2_navigation
copying /home/rocotics/ros2_ws/src/bug2_navigation/build/bug2_navigation/build/lib/bug2_navigation/bug2_controller.py -> /home/rocotics/ros2_ws/src/bug2_navigation/install/bug2_navigation/lib/python3.8/site-packages/bug2_navigation
copying /home/rocotics/ros2_ws/src/bug2_navigation/build/bug2_navigation/build/lib/bug2_navigation/robot_controller.py -> /home/rocotics/ros2_ws/src/bug2_navigation/install/bug2_navigation/lib/python3.8/site-packages/bug2_navigation
copying /home/rocotics/ros2_ws/src/bug2_navigation/build/bug2_navigation/build/lib/bug2_navigation/__init__.py -> /home/rocotics/ros2_ws/src/bug2_navigation/install/bug2_navigation/lib/python3.8/site-packages/bug2_navigation
copying /home/rocotics/ros2_ws/src/bug2_navigation/build/bug2_navigation/build/lib/bug2_navigation/9point.py -> /home/rocotics/ros2_ws/src/bug2_navigation/install/bug2_navigation/lib/python3.8/site-packages/bug2_navigation
byte-compiling /home/rocotics/ros2_ws/src/bug2_navigation/install/bug2_navigation/lib/python3.8/site-packages/bug2_navigation/wall_follower.py to wall_follower.cpython-38.pyc
byte-compiling /home/rocotics/ros2_ws/src/bug2_navigation/install/bug2_navigation/lib/python3.8/site-packages/bug2_navigation/map.py to map.cpython-38.pyc
byte-compiling /home/rocotics/ros2_ws/src/bug2_navigation/install/bug2_navigation/lib/python3.8/site-packages/bug2_navigation/go_to_point.py to go_to_point.cpython-38.pyc
byte-compiling /home/rocotics/ros2_ws/src/bug2_navigation/install/bug2_navigation/lib/python3.8/site-packages/bug2_navigation/bug2_controller.py to bug2_controller.cpython-38.pyc
byte-compiling /home/rocotics/ros2_ws/src/bug2_navigation/install/bug2_navigation/lib/python3.8/site-packages/bug2_navigation/robot_controller.py to robot_controller.cpython-38.pyc
byte-compiling /home/rocotics/ros2_ws/src/bug2_navigation/install/bug2_navigation/lib/python3.8/site-packages/bug2_navigation/__init__.py to __init__.cpython-38.pyc
byte-compiling /home/rocotics/ros2_ws/src/bug2_navigation/install/bug2_navigation/lib/python3.8/site-packages/bug2_navigation/9point.py to 9point.cpython-38.pyc
running install_data
creating /home/rocotics/ros2_ws/src/bug2_navigation/install/bug2_navigation/share/ament_index
creating /home/rocotics/ros2_ws/src/bug2_navigation/install/bug2_navigation/share/ament_index/resource_index
creating /home/rocotics/ros2_ws/src/bug2_navigation/install/bug2_navigation/share/ament_index/resource_index/packages
copying resource/bug2_navigation -> /home/rocotics/ros2_ws/src/bug2_navigation/install/bug2_navigation/share/ament_index/resource_index/packages
copying package.xml -> /home/rocotics/ros2_ws/src/bug2_navigation/install/bug2_navigation/share/bug2_navigation
creating /home/rocotics/ros2_ws/src/bug2_navigation/install/bug2_navigation/share/bug2_navigation/launch
copying launch/spawn_robot.launch.py -> /home/rocotics/ros2_ws/src/bug2_navigation/install/bug2_navigation/share/bug2_navigation/launch
copying launch/spawn_robot_maze.launch.py -> /home/rocotics/ros2_ws/src/bug2_navigation/install/bug2_navigation/share/bug2_navigation/launch
copying launch/controller.launch.py -> /home/rocotics/ros2_ws/src/bug2_navigation/install/bug2_navigation/share/bug2_navigation/launch
creating /home/rocotics/ros2_ws/src/bug2_navigation/install/bug2_navigation/share/bug2_navigation/worlds
copying worlds/maze_nofloor.world -> /home/rocotics/ros2_ws/src/bug2_navigation/install/bug2_navigation/share/bug2_navigation/worlds
copying worlds/bug_2_exercise.world -> /home/rocotics/ros2_ws/src/bug2_navigation/install/bug2_navigation/share/bug2_navigation/worlds
copying worlds/maze.world -> /home/rocotics/ros2_ws/src/bug2_navigation/install/bug2_navigation/share/bug2_navigation/worlds
creating /home/rocotics/ros2_ws/src/bug2_navigation/install/bug2_navigation/share/bug2_navigation/rviz
running install_egg_info
Copying build/bug2_navigation/bug2_navigation.egg-info to /home/rocotics/ros2_ws/src/bug2_navigation/install/bug2_navigation/lib/python3.8/site-packages/bug2_navigation-0.0.0-py3.8.egg-info
running install_scripts
Installing 9Point script to /home/rocotics/ros2_ws/src/bug2_navigation/install/bug2_navigation/lib/bug2_navigation
Installing MapTest script to /home/rocotics/ros2_ws/src/bug2_navigation/install/bug2_navigation/lib/bug2_navigation
Installing bug2_controller script to /home/rocotics/ros2_ws/src/bug2_navigation/install/bug2_navigation/lib/bug2_navigation
Installing cTest script to /home/rocotics/ros2_ws/src/bug2_navigation/install/bug2_navigation/lib/bug2_navigation
Installing con_test script to /home/rocotics/ros2_ws/src/bug2_navigation/install/bug2_navigation/lib/bug2_navigation
Installing goTest script to /home/rocotics/ros2_ws/src/bug2_navigation/install/bug2_navigation/lib/bug2_navigation
Installing go_to_point script to /home/rocotics/ros2_ws/src/bug2_navigation/install/bug2_navigation/lib/bug2_navigation
Installing robot_controller script to /home/rocotics/ros2_ws/src/bug2_navigation/install/bug2_navigation/lib/bug2_navigation
Installing test script to /home/rocotics/ros2_ws/src/bug2_navigation/install/bug2_navigation/lib/bug2_navigation
Installing wall_follower script to /home/rocotics/ros2_ws/src/bug2_navigation/install/bug2_navigation/lib/bug2_navigation
writing list of installed files to '/home/rocotics/ros2_ws/src/bug2_navigation/build/bug2_navigation/install.log'
